<?xml version="1.0" encoding="UTF-8"?>
<!-- Generated by org.testng.reporters.JUnitXMLReporter -->
<testsuite hostname="DESKTOP-ODNDU34" ignored="0" name="Test maven testing" tests="4" failures="0" timestamp="13 Apr 2019 20:02:07 GMT" time="0.033" errors="0">
  <testcase name="doLogin" time="0.009" classname="demotestproject.LoginTest"/>
  <testcase name="doLogout" time="0.001" classname="demotestproject.LoginTest"/>
  <testcase name="doworkout" time="0.001" classname="demotestproject.LoginTest"/>
  <testcase name="doworkoutbad" time="0.001" classname="demotestproject.LoginTest"/>
</testsuite> <!-- Test maven testing -->
