<?xml version="1.0" encoding="UTF-8"?>
<testng-results skipped="0" failed="0" ignored="0" total="4" passed="4">
  <reporter-output>
  </reporter-output>
  <suite name="test maven builds" duration-ms="33" started-at="2019-04-13T20:02:07Z" finished-at="2019-04-13T20:02:07Z">
    <groups>
    </groups>
    <test name="Test maven testing" duration-ms="33" started-at="2019-04-13T20:02:07Z" finished-at="2019-04-13T20:02:07Z">
      <class name="demotestproject.LoginTest">
        <test-method status="PASS" signature="doLogin()[pri:0, instance:demotestproject.LoginTest@58651fd0]" name="doLogin" duration-ms="9" started-at="2019-04-14T01:32:07Z" finished-at="2019-04-14T01:32:07Z">
          <reporter-output>
          </reporter-output>
        </test-method> <!-- doLogin -->
        <test-method status="PASS" signature="doLogout()[pri:0, instance:demotestproject.LoginTest@58651fd0]" name="doLogout" duration-ms="1" started-at="2019-04-14T01:32:07Z" finished-at="2019-04-14T01:32:07Z">
          <reporter-output>
          </reporter-output>
        </test-method> <!-- doLogout -->
        <test-method status="PASS" signature="doworkout()[pri:0, instance:demotestproject.LoginTest@58651fd0]" name="doworkout" duration-ms="1" started-at="2019-04-14T01:32:07Z" finished-at="2019-04-14T01:32:07Z">
          <reporter-output>
          </reporter-output>
        </test-method> <!-- doworkout -->
        <test-method status="PASS" signature="doworkoutbad()[pri:0, instance:demotestproject.LoginTest@58651fd0]" name="doworkoutbad" duration-ms="1" started-at="2019-04-14T01:32:07Z" finished-at="2019-04-14T01:32:07Z">
          <reporter-output>
          </reporter-output>
        </test-method> <!-- doworkoutbad -->
      </class> <!-- demotestproject.LoginTest -->
    </test> <!-- Test maven testing -->
  </suite> <!-- test maven builds -->
</testng-results>
