<?xml version="1.0" encoding="UTF-8"?>
<testng-results skipped="0" failed="0" ignored="0" total="1" passed="1">
  <reporter-output>
  </reporter-output>
  <suite name="Default suite" duration-ms="31" started-at="2019-04-13T11:34:52Z" finished-at="2019-04-13T11:34:52Z">
    <groups>
    </groups>
    <test name="Default test" duration-ms="31" started-at="2019-04-13T11:34:52Z" finished-at="2019-04-13T11:34:52Z">
      <class name="demotestproject.LoginTest">
        <test-method status="PASS" signature="doLogin()[pri:0, instance:demotestproject.LoginTest@58651fd0]" name="doLogin" duration-ms="15" started-at="2019-04-13T17:04:52Z" finished-at="2019-04-13T17:04:52Z">
          <reporter-output>
          </reporter-output>
        </test-method> <!-- doLogin -->
      </class> <!-- demotestproject.LoginTest -->
    </test> <!-- Default test -->
  </suite> <!-- Default suite -->
</testng-results>
